c:\users\u16191\downloads\grafo-master\grafo\grafo\x64\debug\grafo.pch
c:\users\u16191\downloads\grafo-master\grafo\grafo\x64\debug\vc141.pdb
c:\users\u16191\downloads\grafo-master\grafo\grafo\x64\debug\vc141.idb
c:\users\u16191\downloads\grafo-master\grafo\grafo\x64\debug\stdafx.obj
c:\users\u16191\downloads\grafo-master\grafo\grafo\x64\debug\aresta.obj
c:\users\u16191\downloads\grafo-master\grafo\grafo\x64\debug\main.obj
c:\users\u16191\downloads\grafo-master\grafo\grafo\x64\debug\matrizesparsa.obj
c:\users\u16191\downloads\grafo-master\grafo\grafo\x64\debug\vertice.obj
c:\users\u16191\downloads\grafo-master\grafo\grafo\x64\debug\arvoreesparsa.obj
c:\users\u16191\downloads\grafo-master\grafo\grafo\x64\debug\grafo.obj
c:\users\u16191\downloads\grafo-master\grafo\grafo\x64\debug\infoarvoreesparsa.obj
c:\users\u16191\downloads\grafo-master\grafo\grafo\x64\debug\minhainfo.obj
c:\users\u16191\downloads\grafo-master\grafo\grafo\x64\debug\noarvoreesparsa.obj
c:\users\u16191\downloads\grafo-master\grafo\x64\debug\grafo.pdb
c:\users\u16191\downloads\grafo-master\grafo\grafo\x64\debug\grafo.tlog\cl.command.1.tlog
c:\users\u16191\downloads\grafo-master\grafo\grafo\x64\debug\grafo.tlog\cl.read.1.tlog
c:\users\u16191\downloads\grafo-master\grafo\grafo\x64\debug\grafo.tlog\cl.write.1.tlog
c:\users\u16191\downloads\grafo-master\grafo\grafo\x64\debug\grafo.tlog\link.7300-cvtres.read.1.tlog
c:\users\u16191\downloads\grafo-master\grafo\grafo\x64\debug\grafo.tlog\link.7300-cvtres.write.1.tlog
c:\users\u16191\downloads\grafo-master\grafo\grafo\x64\debug\grafo.tlog\link.7300-rc.read.1.tlog
c:\users\u16191\downloads\grafo-master\grafo\grafo\x64\debug\grafo.tlog\link.7300-rc.write.1.tlog
c:\users\u16191\downloads\grafo-master\grafo\grafo\x64\debug\grafo.tlog\link.7300.read.1.tlog
c:\users\u16191\downloads\grafo-master\grafo\grafo\x64\debug\grafo.tlog\link.7300.write.1.tlog
c:\users\u16191\downloads\grafo-master\grafo\grafo\x64\debug\grafo.tlog\link.command.1.tlog
c:\users\u16191\downloads\grafo-master\grafo\grafo\x64\debug\grafo.tlog\link.read.1.tlog
c:\users\u16191\downloads\grafo-master\grafo\grafo\x64\debug\grafo.tlog\link.write.1.tlog
