  Vertice.cpp
c:\users\u16191\downloads\grafo\grafo\vertice.h(10): error C3646: 'nome': especificador de substituição desconhecido
c:\users\u16191\downloads\grafo\grafo\vertice.h(10): error C4430: faltando especificador de tipo - int assumido. Observação: C++ não suporta default-int
c:\users\u16191\downloads\grafo\grafo\vertice.h(13): error C3646: 'getNome': especificador de substituição desconhecido
c:\users\u16191\downloads\grafo\grafo\vertice.h(13): error C2059: erro de sintaxe: '('
c:\users\u16191\downloads\grafo\grafo\vertice.h(13): error C2238: token(s) inesperado(s) precedendo ';'
  NoArvoreEsparsa.cpp
c:\users\u16191\downloads\grafo\grafo\noarvoreesparsa.h(11): warning C4290: especificação de exceção de C++ ignorada exceto para indicar que a função não é __declspec(nothrow)
c:\users\u16191\downloads\grafo\grafo\noarvoreesparsa.h(13): warning C4290: especificação de exceção de C++ ignorada exceto para indicar que a função não é __declspec(nothrow)
c:\users\u16191\downloads\grafo\grafo\noarvoreesparsa.h(15): warning C4290: especificação de exceção de C++ ignorada exceto para indicar que a função não é __declspec(nothrow)
c:\users\u16191\downloads\grafo\grafo\noarvoreesparsa.h(16): warning C4290: especificação de exceção de C++ ignorada exceto para indicar que a função não é __declspec(nothrow)
c:\users\u16191\downloads\grafo\grafo\noarvoreesparsa.h(35): warning C4290: especificação de exceção de C++ ignorada exceto para indicar que a função não é __declspec(nothrow)
c:\users\u16191\downloads\grafo\grafo\noarvoreesparsa.h(38): warning C4290: especificação de exceção de C++ ignorada exceto para indicar que a função não é __declspec(nothrow)
c:\users\u16191\downloads\grafo\grafo\noarvoreesparsa.h(39): warning C4290: especificação de exceção de C++ ignorada exceto para indicar que a função não é __declspec(nothrow)
c:\users\u16191\downloads\grafo\grafo\noarvoreesparsa.cpp(5): warning C5043: "NoArvoreEsparsa::NoArvoreEsparsa": a especificação de exceção não corresponde à declaração anterior
  c:\users\u16191\downloads\grafo\grafo\noarvoreesparsa.h(11): note: consulte a declaração de 'NoArvoreEsparsa::NoArvoreEsparsa'
c:\users\u16191\downloads\grafo\grafo\noarvoreesparsa.cpp(22): warning C4290: especificação de exceção de C++ ignorada exceto para indicar que a função não é __declspec(nothrow)
c:\users\u16191\downloads\grafo\grafo\noarvoreesparsa.cpp(42): warning C4290: especificação de exceção de C++ ignorada exceto para indicar que a função não é __declspec(nothrow)
c:\users\u16191\downloads\grafo\grafo\noarvoreesparsa.cpp(56): warning C4290: especificação de exceção de C++ ignorada exceto para indicar que a função não é __declspec(nothrow)
c:\users\u16191\downloads\grafo\grafo\noarvoreesparsa.cpp(214): warning C4290: especificação de exceção de C++ ignorada exceto para indicar que a função não é __declspec(nothrow)
c:\users\u16191\downloads\grafo\grafo\noarvoreesparsa.cpp(225): warning C4290: especificação de exceção de C++ ignorada exceto para indicar que a função não é __declspec(nothrow)
c:\users\u16191\downloads\grafo\grafo\noarvoreesparsa.cpp(252): warning C4290: especificação de exceção de C++ ignorada exceto para indicar que a função não é __declspec(nothrow)
  MinhaInfo.cpp
c:\users\u16191\downloads\grafo\grafo\minhainfo.cpp(13): warning C5043: "MinhaInfo::MinhaInfo": a especificação de exceção não corresponde à declaração anterior
  c:\users\u16191\downloads\grafo\grafo\minhainfo.h(14): note: consulte a declaração de 'MinhaInfo::MinhaInfo'
  MatrizEsparsa.cpp
c:\users\u16191\downloads\grafo\grafo\noarvoreesparsa.h(11): warning C4290: especificação de exceção de C++ ignorada exceto para indicar que a função não é __declspec(nothrow)
c:\users\u16191\downloads\grafo\grafo\noarvoreesparsa.h(13): warning C4290: especificação de exceção de C++ ignorada exceto para indicar que a função não é __declspec(nothrow)
c:\users\u16191\downloads\grafo\grafo\noarvoreesparsa.h(15): warning C4290: especificação de exceção de C++ ignorada exceto para indicar que a função não é __declspec(nothrow)
c:\users\u16191\downloads\grafo\grafo\noarvoreesparsa.h(16): warning C4290: especificação de exceção de C++ ignorada exceto para indicar que a função não é __declspec(nothrow)
c:\users\u16191\downloads\grafo\grafo\noarvoreesparsa.h(35): warning C4290: especificação de exceção de C++ ignorada exceto para indicar que a função não é __declspec(nothrow)
c:\users\u16191\downloads\grafo\grafo\noarvoreesparsa.h(38): warning C4290: especificação de exceção de C++ ignorada exceto para indicar que a função não é __declspec(nothrow)
c:\users\u16191\downloads\grafo\grafo\noarvoreesparsa.h(39): warning C4290: especificação de exceção de C++ ignorada exceto para indicar que a função não é __declspec(nothrow)
c:\users\u16191\downloads\grafo\grafo\arvoreesparsa.h(17): warning C4290: especificação de exceção de C++ ignorada exceto para indicar que a função não é __declspec(nothrow)
c:\users\u16191\downloads\grafo\grafo\matrizesparsa.h(14): warning C4290: especificação de exceção de C++ ignorada exceto para indicar que a função não é __declspec(nothrow)
c:\users\u16191\downloads\grafo\grafo\matrizesparsa.h(23): warning C4290: especificação de exceção de C++ ignorada exceto para indicar que a função não é __declspec(nothrow)
c:\users\u16191\downloads\grafo\grafo\matrizesparsa.h(24): warning C4290: especificação de exceção de C++ ignorada exceto para indicar que a função não é __declspec(nothrow)
c:\users\u16191\downloads\grafo\grafo\matrizesparsa.h(25): warning C4290: especificação de exceção de C++ ignorada exceto para indicar que a função não é __declspec(nothrow)
c:\users\u16191\downloads\grafo\grafo\matrizesparsa.h(26): warning C4290: especificação de exceção de C++ ignorada exceto para indicar que a função não é __declspec(nothrow)
c:\users\u16191\downloads\grafo\grafo\matrizesparsa.cpp(41): warning C4290: especificação de exceção de C++ ignorada exceto para indicar que a função não é __declspec(nothrow)
c:\users\u16191\downloads\grafo\grafo\matrizesparsa.cpp(141): warning C4290: especificação de exceção de C++ ignorada exceto para indicar que a função não é __declspec(nothrow)
c:\users\u16191\downloads\grafo\grafo\matrizesparsa.cpp(155): warning C4290: especificação de exceção de C++ ignorada exceto para indicar que a função não é __declspec(nothrow)
c:\users\u16191\downloads\grafo\grafo\matrizesparsa.cpp(169): warning C4290: especificação de exceção de C++ ignorada exceto para indicar que a função não é __declspec(nothrow)
c:\users\u16191\downloads\grafo\grafo\matrizesparsa.cpp(204): warning C4290: especificação de exceção de C++ ignorada exceto para indicar que a função não é __declspec(nothrow)
  main.cpp
  InfoArvoreEsparsa.cpp
  Grafo.cpp
  ArvoreEsparsa.cpp
c:\users\u16191\downloads\grafo\grafo\noarvoreesparsa.h(11): warning C4290: especificação de exceção de C++ ignorada exceto para indicar que a função não é __declspec(nothrow)
c:\users\u16191\downloads\grafo\grafo\noarvoreesparsa.h(13): warning C4290: especificação de exceção de C++ ignorada exceto para indicar que a função não é __declspec(nothrow)
c:\users\u16191\downloads\grafo\grafo\noarvoreesparsa.h(15): warning C4290: especificação de exceção de C++ ignorada exceto para indicar que a função não é __declspec(nothrow)
c:\users\u16191\downloads\grafo\grafo\noarvoreesparsa.h(16): warning C4290: especificação de exceção de C++ ignorada exceto para indicar que a função não é __declspec(nothrow)
c:\users\u16191\downloads\grafo\grafo\noarvoreesparsa.h(35): warning C4290: especificação de exceção de C++ ignorada exceto para indicar que a função não é __declspec(nothrow)
c:\users\u16191\downloads\grafo\grafo\noarvoreesparsa.h(38): warning C4290: especificação de exceção de C++ ignorada exceto para indicar que a função não é __declspec(nothrow)
c:\users\u16191\downloads\grafo\grafo\noarvoreesparsa.h(39): warning C4290: especificação de exceção de C++ ignorada exceto para indicar que a função não é __declspec(nothrow)
c:\users\u16191\downloads\grafo\grafo\arvoreesparsa.h(17): warning C4290: especificação de exceção de C++ ignorada exceto para indicar que a função não é __declspec(nothrow)
c:\users\u16191\downloads\grafo\grafo\arvoreesparsa.cpp(16): warning C4290: especificação de exceção de C++ ignorada exceto para indicar que a função não é __declspec(nothrow)
c:\users\u16191\downloads\grafo\grafo\arvoreesparsa.cpp(107): warning C4553: '==': operador não tem efeito; você pretendia usar '='?
  Gerando Código...
c:\users\u16191\downloads\grafo\grafo\noarvoreesparsa.cpp(119): warning C4715: 'NoArvoreEsparsa::inserirVetorOrdem': nem todos os caminhos de controle retornam um valor
c:\users\u16191\downloads\grafo\grafo\noarvoreesparsa.cpp(173): warning C4715: 'NoArvoreEsparsa::removerVetorOrdem': nem todos os caminhos de controle retornam um valor
